\BOOKMARK [0][-]{chapter.1}{\376\377\170\024\172\166\225\356\230\230\116\016\145\271\154\325}{}% 1
\BOOKMARK [1][-]{section.1.1}{\376\377\215\104\145\231\147\145\156\220\116\016\213\301\143\156\122\006\134\102}{chapter.1}% 2
\BOOKMARK [1][-]{section.1.2}{\376\377\170\024\172\166\150\106\147\266}{chapter.1}% 3
\BOOKMARK [0][-]{chapter.2}{\376\377\162\061\154\374\145\257\127\146\116\213\116\366\166\204\121\215\162\006\123\321\377\032\217\307\172\013\217\375\216\052}{}% 4
\BOOKMARK [1][-]{section.2.1}{\376\377\040\034\162\006\121\372\040\035\147\072\122\066\166\204\176\323\147\204\123\026\211\343\221\312}{chapter.2}% 5
\BOOKMARK [0][-]{chapter.3}{\376\377\123\206\123\362\116\012\174\173\117\074\116\213\116\366\166\204\153\324\217\203\170\024\172\166}{}% 6
\BOOKMARK [1][-]{section.3.1}{\376\377\142\311\221\314\000\267\176\263\204\050\134\024\150\110\377\010\177\216\126\375\117\123\144\315\117\123\174\373\377\011}{chapter.3}% 7
\BOOKMARK [2][-]{subsection.3.1.1}{\376\377\176\364\136\246\0001\377\032\231\226\153\041\116\076\142\245\124\016\166\204\122\066\136\246\123\315\136\224\220\037\136\246}{section.3.1}% 8
\BOOKMARK [2][-]{subsection.3.1.2}{\376\377\176\364\136\246\0002\377\032\123\327\133\263\200\005\123\331\116\213\166\204\123\357\117\341\140\047\213\304\117\060\147\072\122\066}{section.3.1}% 9
\BOOKMARK [2][-]{subsection.3.1.3}{\376\377\176\364\136\246\0003\377\032\150\300\213\146\123\117\117\134\116\016\215\350\217\226\123\072\150\110\116\366\171\373\220\001}{section.3.1}% 10
\BOOKMARK [2][-]{subsection.3.1.4}{\376\377\176\364\136\246\0004\377\032\232\330\215\104\156\220\210\253\214\003\147\345\133\371\214\141\166\204\172\013\136\217\117\030\122\277}{section.3.1}% 11
\BOOKMARK [2][-]{subsection.3.1.5}{\376\377\176\364\136\246\0005\377\032\147\072\147\204\130\360\212\211\173\241\164\006\116\016\230\316\226\151\131\026\220\350\123\026}{section.3.1}% 12
\BOOKMARK [2][-]{subsection.3.1.6}{\376\377\176\364\136\246\0006\377\032\132\222\117\123\214\003\147\345\133\371\154\211\236\330\176\323\147\204\166\204\142\123\170\064}{section.3.1}% 13
\BOOKMARK [2][-]{subsection.3.1.7}{\376\377\176\364\136\246\0007\377\032\123\370\154\325\123\117\125\106\116\016\172\013\136\217\153\143\116\111\166\204\217\271\165\114}{section.3.1}% 14
\BOOKMARK [2][-]{subsection.3.1.8}{\376\377\176\364\136\246\0008\377\032\176\304\176\307\145\207\123\026\116\055\166\204\147\015\116\316\224\376\116\016\154\211\236\330\224\376}{section.3.1}% 15
\BOOKMARK [2][-]{subsection.3.1.9}{\376\377\176\364\136\246\0009\377\032\213\301\143\156\117\335\121\150\060\001\145\207\116\146\123\026\116\016\123\357\217\375\156\257\140\047}{section.3.1}% 16
\BOOKMARK [2][-]{subsection.3.1.10}{\376\377\176\364\136\246\0001\0000\377\032\225\356\215\043\215\357\137\204\377\032\210\114\145\077\060\001\122\021\116\213\116\016\200\114\116\032\176\252\137\213}{section.3.1}% 17
\BOOKMARK [2][-]{subsection.3.1.11}{\376\377\176\364\136\246\0001\0001\377\032\123\327\133\263\200\005\215\124\120\177\060\001\117\356\131\015\116\016\225\177\147\037\136\267\131\015}{section.3.1}% 18
\BOOKMARK [2][-]{subsection.3.1.12}{\376\377\176\364\136\246\0001\0002\377\032\145\071\227\151\143\252\145\275\166\204\143\001\176\355\140\047\116\016\122\066\136\246\213\260\137\306}{section.3.1}% 19
\BOOKMARK [1][-]{section.3.2}{\376\377\124\011\174\163\000\267\204\050\176\364\134\024\116\016\202\361\126\375\000N\000H\000S\147\072\147\204\131\061\133\210}{chapter.3}% 20
\BOOKMARK [2][-]{subsection.3.2.1}{\376\377\176\364\136\246\0001\377\032\231\226\153\041\116\076\142\245\124\016\166\204\122\066\136\246\123\315\136\224\220\037\136\246}{section.3.2}% 21
\BOOKMARK [2][-]{subsection.3.2.2}{\376\377\176\364\136\246\0002\377\032\123\327\133\263\200\005\123\331\116\213\166\204\123\357\117\341\140\047\213\304\117\060\147\072\122\066}{section.3.2}% 22
\BOOKMARK [2][-]{subsection.3.2.3}{\376\377\176\364\136\246\0003\377\032\150\300\213\146\123\117\117\134\116\016\215\350\217\226\123\072\150\110\116\366\171\373\220\001}{section.3.2}% 23
\BOOKMARK [2][-]{subsection.3.2.4}{\376\377\176\364\136\246\0004\377\032\232\330\215\104\156\220\210\253\214\003\147\345\133\371\214\141\166\204\172\013\136\217\117\030\122\277}{section.3.2}% 24
\BOOKMARK [2][-]{subsection.3.2.5}{\376\377\176\364\136\246\0005\377\032\147\072\147\204\130\360\212\211\173\241\164\006\116\016\230\316\226\151\131\026\220\350\123\026}{section.3.2}% 25
\BOOKMARK [2][-]{subsection.3.2.6}{\376\377\176\364\136\246\0006\377\032\132\222\117\123\214\003\147\345\133\371\154\211\236\330\176\323\147\204\166\204\142\123\170\064}{section.3.2}% 26
\BOOKMARK [2][-]{subsection.3.2.7}{\376\377\176\364\136\246\0007\377\032\123\370\154\325\123\117\125\106\116\016\172\013\136\217\153\143\116\111\166\204\217\271\165\114}{section.3.2}% 27
\BOOKMARK [2][-]{subsection.3.2.8}{\376\377\176\364\136\246\0008\377\032\176\304\176\307\145\207\123\026\116\055\166\204\147\015\116\316\224\376\116\016\154\211\236\330\224\376}{section.3.2}% 28
\BOOKMARK [2][-]{subsection.3.2.9}{\376\377\176\364\136\246\0009\377\032\213\301\143\156\117\335\121\150\060\001\145\207\116\146\123\026\116\016\123\357\217\375\156\257\140\047}{section.3.2}% 29
\BOOKMARK [2][-]{subsection.3.2.10}{\376\377\176\364\136\246\0001\0000\377\032\225\356\215\043\215\357\137\204\377\032\210\114\145\077\060\001\122\021\116\213\116\016\200\114\116\032\176\252\137\213}{section.3.2}% 30
\BOOKMARK [2][-]{subsection.3.2.11}{\376\377\176\364\136\246\0001\0001\377\032\123\327\133\263\200\005\215\124\120\177\060\001\117\356\131\015\116\016\225\177\147\037\136\267\131\015}{section.3.2}% 31
\BOOKMARK [2][-]{subsection.3.2.12}{\376\377\176\364\136\246\0001\0002\377\032\145\071\227\151\143\252\145\275\166\204\143\001\176\355\140\047\116\016\122\066\136\246\213\260\137\306}{section.3.2}% 32
\BOOKMARK [1][-]{section.3.3}{\376\377\177\127\164\137\122\322\131\306\121\077\172\345\140\047\122\145\122\112\150\110\377\010\202\361\126\375\127\060\145\271\154\273\164\006\377\011}{chapter.3}% 33
\BOOKMARK [2][-]{subsection.3.3.1}{\376\377\176\364\136\246\0001\377\032\231\226\153\041\116\076\142\245\124\016\166\204\122\066\136\246\123\315\136\224\220\037\136\246}{section.3.3}% 34
\BOOKMARK [2][-]{subsection.3.3.2}{\376\377\176\364\136\246\0002\377\032\123\327\133\263\200\005\123\331\116\213\166\204\123\357\117\341\140\047\213\304\117\060\147\072\122\066}{section.3.3}% 35
\BOOKMARK [2][-]{subsection.3.3.3}{\376\377\176\364\136\246\0003\377\032\150\300\213\146\123\117\117\134\116\016\215\350\217\226\123\072\150\110\116\366\171\373\220\001}{section.3.3}% 36
\BOOKMARK [2][-]{subsection.3.3.4}{\376\377\176\364\136\246\0004\377\032\232\330\215\104\156\220\210\253\214\003\147\345\133\371\214\141\166\204\172\013\136\217\117\030\122\277}{section.3.3}% 37
\BOOKMARK [2][-]{subsection.3.3.5}{\376\377\176\364\136\246\0005\377\032\147\072\147\204\130\360\212\211\173\241\164\006\116\016\230\316\226\151\131\026\220\350\123\026}{section.3.3}% 38
\BOOKMARK [2][-]{subsection.3.3.6}{\376\377\176\364\136\246\0006\377\032\132\222\117\123\214\003\147\345\133\371\154\211\236\330\176\323\147\204\166\204\142\123\170\064}{section.3.3}% 39
\BOOKMARK [2][-]{subsection.3.3.7}{\376\377\176\364\136\246\0007\377\032\123\370\154\325\123\117\125\106\116\016\172\013\136\217\153\143\116\111\166\204\217\271\165\114}{section.3.3}% 40
\BOOKMARK [2][-]{subsection.3.3.8}{\376\377\176\364\136\246\0008\377\032\176\304\176\307\145\207\123\026\116\055\166\204\147\015\116\316\224\376\116\016\154\211\236\330\224\376}{section.3.3}% 41
\BOOKMARK [2][-]{subsection.3.3.9}{\376\377\176\364\136\246\0009\377\032\213\301\143\156\117\335\121\150\060\001\145\207\116\146\123\026\116\016\123\357\217\375\156\257\140\047}{section.3.3}% 42
\BOOKMARK [2][-]{subsection.3.3.10}{\376\377\176\364\136\246\0001\0000\377\032\225\356\215\043\215\357\137\204\377\032\210\114\145\077\060\001\122\021\116\213\116\016\200\114\116\032\176\252\137\213}{section.3.3}% 43
\BOOKMARK [2][-]{subsection.3.3.11}{\376\377\176\364\136\246\0001\0001\377\032\123\327\133\263\200\005\215\124\120\177\060\001\117\356\131\015\116\016\225\177\147\037\136\267\131\015}{section.3.3}% 44
\BOOKMARK [2][-]{subsection.3.3.12}{\376\377\176\364\136\246\0001\0002\377\032\145\071\227\151\143\252\145\275\166\204\143\001\176\355\140\047\116\016\122\066\136\246\213\260\137\306}{section.3.3}% 45
\BOOKMARK [1][-]{section.3.4}{\376\377\177\216\126\375\131\051\116\073\145\131\171\136\200\114\116\272\124\130\140\047\117\265\123\161\147\072}{chapter.3}% 46
\BOOKMARK [2][-]{subsection.3.4.1}{\376\377\176\364\136\246\0001\377\032\231\226\153\041\116\076\142\245\124\016\166\204\122\066\136\246\123\315\136\224\220\037\136\246}{section.3.4}% 47
\BOOKMARK [2][-]{subsection.3.4.2}{\376\377\176\364\136\246\0002\377\032\123\327\133\263\200\005\123\331\116\213\166\204\123\357\117\341\140\047\213\304\117\060\147\072\122\066}{section.3.4}% 48
\BOOKMARK [2][-]{subsection.3.4.3}{\376\377\176\364\136\246\0003\377\032\150\300\213\146\123\117\117\134\116\016\215\350\217\226\123\072\150\110\116\366\171\373\220\001}{section.3.4}% 49
\BOOKMARK [2][-]{subsection.3.4.4}{\376\377\176\364\136\246\0004\377\032\232\330\215\104\156\220\210\253\214\003\147\345\133\371\214\141\166\204\172\013\136\217\117\030\122\277}{section.3.4}% 50
\BOOKMARK [2][-]{subsection.3.4.5}{\376\377\176\364\136\246\0005\377\032\147\072\147\204\130\360\212\211\173\241\164\006\116\016\230\316\226\151\131\026\220\350\123\026}{section.3.4}% 51
\BOOKMARK [2][-]{subsection.3.4.6}{\376\377\176\364\136\246\0006\377\032\132\222\117\123\214\003\147\345\133\371\154\211\236\330\176\323\147\204\166\204\142\123\170\064}{section.3.4}% 52
\BOOKMARK [2][-]{subsection.3.4.7}{\376\377\176\364\136\246\0007\377\032\123\370\154\325\123\117\125\106\116\016\172\013\136\217\153\143\116\111\166\204\217\271\165\114}{section.3.4}% 53
\BOOKMARK [2][-]{subsection.3.4.8}{\376\377\176\364\136\246\0008\377\032\176\304\176\307\145\207\123\026\116\055\166\204\147\015\116\316\224\376\116\016\154\211\236\330\224\376}{section.3.4}% 54
\BOOKMARK [2][-]{subsection.3.4.9}{\376\377\176\364\136\246\0009\377\032\213\301\143\156\117\335\121\150\060\001\145\207\116\146\123\026\116\016\123\357\217\375\156\257\140\047}{section.3.4}% 55
\BOOKMARK [2][-]{subsection.3.4.10}{\376\377\176\364\136\246\0001\0000\377\032\225\356\215\043\215\357\137\204\377\032\210\114\145\077\060\001\122\021\116\213\116\016\200\114\116\032\176\252\137\213}{section.3.4}% 56
\BOOKMARK [2][-]{subsection.3.4.11}{\376\377\176\364\136\246\0001\0001\377\032\123\327\133\263\200\005\215\124\120\177\060\001\117\356\131\015\116\016\225\177\147\037\136\267\131\015}{section.3.4}% 57
\BOOKMARK [2][-]{subsection.3.4.12}{\376\377\176\364\136\246\0001\0002\377\032\145\071\227\151\143\252\145\275\166\204\143\001\176\355\140\047\116\016\122\066\136\246\213\260\137\306}{section.3.4}% 58
\BOOKMARK [1][-]{section.3.5}{\376\377\133\276\131\025\154\325\134\074\116\232\135\336\172\313\131\047\133\146\150\121\217\276\145\257\127\372\150\110}{chapter.3}% 59
\BOOKMARK [2][-]{subsection.3.5.1}{\376\377\176\364\136\246\0001\377\032\231\226\153\041\116\076\142\245\124\016\166\204\122\066\136\246\123\315\136\224\220\037\136\246}{section.3.5}% 60
\BOOKMARK [2][-]{subsection.3.5.2}{\376\377\176\364\136\246\0002\377\032\123\327\133\263\200\005\123\331\116\213\166\204\123\357\117\341\140\047\213\304\117\060\147\072\122\066}{section.3.5}% 61
\BOOKMARK [2][-]{subsection.3.5.3}{\376\377\176\364\136\246\0003\377\032\150\300\213\146\123\117\117\134\116\016\215\350\217\226\123\072\150\110\116\366\171\373\220\001}{section.3.5}% 62
\BOOKMARK [2][-]{subsection.3.5.4}{\376\377\176\364\136\246\0004\377\032\232\330\215\104\156\220\210\253\214\003\147\345\133\371\214\141\166\204\172\013\136\217\117\030\122\277}{section.3.5}% 63
\BOOKMARK [2][-]{subsection.3.5.5}{\376\377\176\364\136\246\0005\377\032\147\072\147\204\130\360\212\211\173\241\164\006\116\016\230\316\226\151\131\026\220\350\123\026}{section.3.5}% 64
\BOOKMARK [2][-]{subsection.3.5.6}{\376\377\176\364\136\246\0006\377\032\132\222\117\123\214\003\147\345\133\371\154\211\236\330\176\323\147\204\166\204\142\123\170\064}{section.3.5}% 65
\BOOKMARK [2][-]{subsection.3.5.7}{\376\377\176\364\136\246\0007\377\032\123\370\154\325\123\117\125\106\116\016\172\013\136\217\153\143\116\111\166\204\217\271\165\114}{section.3.5}% 66
\BOOKMARK [2][-]{subsection.3.5.8}{\376\377\176\364\136\246\0008\377\032\176\304\176\307\145\207\123\026\116\055\166\204\147\015\116\316\224\376\116\016\154\211\236\330\224\376}{section.3.5}% 67
\BOOKMARK [2][-]{subsection.3.5.9}{\376\377\176\364\136\246\0009\377\032\213\301\143\156\117\335\121\150\060\001\145\207\116\146\123\026\116\016\123\357\217\375\156\257\140\047}{section.3.5}% 68
\BOOKMARK [2][-]{subsection.3.5.10}{\376\377\176\364\136\246\0001\0000\377\032\225\356\215\043\215\357\137\204\377\032\210\114\145\077\060\001\122\021\116\213\116\016\200\114\116\032\176\252\137\213}{section.3.5}% 69
\BOOKMARK [2][-]{subsection.3.5.11}{\376\377\176\364\136\246\0001\0001\377\032\123\327\133\263\200\005\215\124\120\177\060\001\117\356\131\015\116\016\225\177\147\037\136\267\131\015}{section.3.5}% 70
\BOOKMARK [2][-]{subsection.3.5.12}{\376\377\176\364\136\246\0001\0002\377\032\145\071\227\151\143\252\145\275\166\204\143\001\176\355\140\047\116\016\122\066\136\246\213\260\137\306}{section.3.5}% 71
\BOOKMARK [0][-]{chapter.4}{\376\377\124\016\147\234\122\006\147\220\377\032\116\316\116\052\117\123\117\044\133\263\122\060\122\066\136\246\121\262\121\373}{}% 72
\BOOKMARK [1][-]{section.4.1}{\376\377\124\016\147\234\116\073\230\230\0001\377\032\133\371\123\327\133\263\200\005\165\037\124\175\123\206\172\013\166\204\225\177\147\037\137\161\124\315}{chapter.4}% 73
\BOOKMARK [1][-]{section.4.2}{\376\377\124\016\147\234\116\073\230\230\0002\377\032\133\371\122\021\116\213\123\370\154\325\121\154\117\341\122\233\166\204\117\265\206\200}{chapter.4}% 74
\BOOKMARK [1][-]{section.4.3}{\376\377\124\016\147\234\116\073\230\230\0003\377\032\133\371\150\300\133\337\210\301\221\317\124\010\154\325\140\047\166\204\221\315\145\260\133\241\211\306}{chapter.4}% 75
\BOOKMARK [1][-]{section.4.4}{\376\377\124\016\147\234\116\073\230\230\0004\377\032\133\371\132\222\117\123\214\003\147\345\145\260\225\373\117\046\164\006\116\016\145\271\154\325\213\272\166\204\143\250\122\250}{chapter.4}% 76
\BOOKMARK [1][-]{section.4.5}{\376\377\124\016\147\234\116\073\230\230\0005\377\032\133\371\145\077\154\273\174\373\176\337\225\356\215\043\147\072\122\066\166\204\123\213\122\233\155\113\213\325}{chapter.4}% 77
\BOOKMARK [1][-]{section.4.6}{\376\377\124\016\147\234\116\073\230\230\0006\377\032\133\371\131\047\127\213\147\072\147\204\154\273\164\006\176\323\147\204\166\204\121\215\213\276\213\241}{chapter.4}% 78
\BOOKMARK [1][-]{section.4.7}{\376\377\124\016\147\234\116\073\230\230\0007\377\032\133\371\121\154\166\312\176\304\176\307\116\016\137\327\141\077\117\123\174\373\121\306\121\145\211\304\122\031\166\204\221\315\147\204}{chapter.4}% 79
\BOOKMARK [1][-]{section.4.8}{\376\377\124\016\147\234\116\073\230\230\0008\377\032\133\371\215\350\130\203\221\321\207\215\116\016\171\301\116\272\177\121\176\334\166\321\167\143\166\204\124\057\171\072}{chapter.4}% 80
\BOOKMARK [1][-]{section.4.9}{\376\377\124\016\147\234\116\073\230\230\0009\377\032\133\371\121\154\117\027\230\316\226\151\141\037\167\345\116\016\220\123\137\267\140\120\141\114\217\271\165\114\166\204\137\161\124\315}{chapter.4}% 81
\BOOKMARK [1][-]{section.4.10}{\376\377\124\016\147\234\116\073\230\230\0001\0000\377\032\133\371\145\160\133\127\213\301\143\156\154\273\164\006\116\016\150\143\150\110\137\000\145\076\166\204\122\066\136\246\227\000\154\102}{chapter.4}% 82
\BOOKMARK [0][-]{chapter.5}{\376\377\145\077\173\126\150\106\147\266\377\032\226\062\153\142\124\014\174\173\116\213\116\366\121\215\165\037\116\247}{}% 83
\BOOKMARK [1][-]{section.5.1}{\376\377\145\077\173\126\215\357\137\204\0001\377\032\123\327\133\263\200\005\147\103\122\051\122\115\177\156\123\026\377\032\127\050\172\313\150\110\122\115\172\013\136\217\137\025\121\145\147\000\117\116\226\120\136\246\166\204\167\345\140\305\116\016\123\117\125\106\147\072\122\066}{chapter.5}% 84
\BOOKMARK [1][-]{section.5.2}{\376\377\145\077\173\126\215\357\137\204\0002\377\032\221\315\131\047\140\047\117\265\150\110\116\366\166\204\215\350\217\226\123\072\123\117\124\014\211\346\123\321\147\141\153\076}{chapter.5}% 85
\BOOKMARK [1][-]{section.5.3}{\376\377\145\077\173\126\215\357\137\204\0003\377\032\150\300\133\337\123\117\125\106\220\017\146\016\136\246\122\006\176\247\142\253\227\062\122\066\136\246}{chapter.5}% 86
\BOOKMARK [1][-]{section.5.4}{\376\377\145\077\173\126\215\357\137\204\0004\377\032\232\330\230\316\226\151\147\052\142\020\136\164\116\272\143\245\211\346\127\072\146\157\166\204\173\054\116\011\145\271\133\241\213\241}{chapter.5}% 87
\BOOKMARK [1][-]{section.5.5}{\376\377\145\077\173\126\215\357\137\204\0005\377\032\133\371\040\034\146\016\146\037\137\327\141\077\200\005\000/\143\120\215\140\200\005\040\035\214\101\121\115\145\207\123\026\166\204\123\315\124\021\124\010\211\304}{chapter.5}% 88
\BOOKMARK [1][-]{section.5.6}{\376\377\145\077\173\126\215\357\137\204\0006\377\032\214\003\147\345\163\257\202\202\166\204\137\072\122\066\145\207\116\146\123\026\116\016\145\366\225\364\142\063\173\241\164\006}{chapter.5}% 89
\BOOKMARK [1][-]{section.5.7}{\376\377\145\077\173\126\215\357\137\204\0007\377\032\132\222\117\123\116\016\123\370\154\325\154\237\220\032\166\204\226\062\213\357\133\374\211\304\203\003}{chapter.5}% 90
\BOOKMARK [1][-]{section.5.8}{\376\377\145\077\173\126\215\357\137\204\0008\377\032\123\327\133\263\200\005\145\057\143\001\117\123\174\373\166\204\225\177\147\037\215\042\145\077\123\026\133\211\143\222}{chapter.5}% 91
\BOOKMARK [1][-]{section.5.9}{\376\377\145\077\173\126\215\357\137\204\0009\377\032\122\021\116\213\060\001\154\021\116\213\060\001\210\114\145\077\225\356\215\043\166\204\200\124\122\250\225\355\163\257}{chapter.5}% 92
\BOOKMARK [1][-]{section.5.10}{\376\377\145\077\173\126\215\357\137\204\0001\0000\377\032\147\072\147\204\131\061\200\114\166\204\230\206\133\374\215\043\116\373\123\357\213\241\173\227\123\026}{chapter.5}% 93
\BOOKMARK [1][-]{section.5.11}{\376\377\145\077\173\126\215\357\137\204\0001\0001\377\032\123\206\123\362\150\110\116\366\117\341\140\157\121\154\137\000\116\016\226\220\171\301\117\335\142\244\166\204\136\163\210\141\150\106\147\266}{chapter.5}% 94
\BOOKMARK [1][-]{section.5.12}{\376\377\145\077\173\126\215\357\137\204\0001\0002\377\032\136\372\172\313\040\034\122\066\136\246\213\260\137\306\136\223\040\035\226\062\153\142\145\071\227\151\126\336\144\106}{chapter.5}% 95
\BOOKMARK [0][-]{chapter.6}{\376\377\176\323\213\272}{}% 96
\BOOKMARK [0][-]{appendix.A}{\376\377\170\024\172\166\226\104\137\125\377\032\136\366\134\125\213\272\213\301\116\016\145\271\154\325\123\315\140\035}{}% 97
\BOOKMARK [0][-]{appendix.B}{\376\377\123\302\200\003\215\104\145\231}{}% 98
